<?xml version="1.0" encoding="UTF-8"?>
<!-- Generated by org.testng.reporters.JUnitReportReporter -->
<testsuite hostname="LAPTOP-OL5JOLO1" failures="1" tests="1" name="tests.LoginTest1withExcelFile" time="354.143" errors="0" timestamp="2021-07-01T12:58:34 IST" skipped="0">
  <testcase classname="tests.LoginTest1withExcelFile" name="Logintest" time="354.143">
    <failure message="The following asserts failed:
	expected [true] but found [false],
	expected [true] but found [false],
	expected [true] but found [false],
	expected [true] but found [false],
	expected [true] but found [false],
	expected [true] but found [false]" type="java.lang.AssertionError">
      <![CDATA[java.lang.AssertionError: The following asserts failed:
expected [true] but found [false],
expected [true] but found [false],
expected [true] but found [false],
expected [true] but found [false],
expected [true] but found [false],
expected [true] but found [false]
at org.testng.asserts.SoftAssert.assertAll(SoftAssert.java:47)
at org.testng.asserts.SoftAssert.assertAll(SoftAssert.java:31)
at tests.LoginTest1withExcelFile.Logintest(LoginTest1withExcelFile.java:179)
at java.base/jdk.internal.reflect.NativeMethodAccessorImpl.invoke0(Native Method)
at java.base/jdk.internal.reflect.NativeMethodAccessorImpl.invoke(NativeMethodAccessorImpl.java:64)
at java.base/jdk.internal.reflect.DelegatingMethodAccessorImpl.invoke(DelegatingMethodAccessorImpl.java:43)
at java.base/java.lang.reflect.Method.invoke(Method.java:564)
at org.testng.internal.MethodInvocationHelper.invokeMethod(MethodInvocationHelper.java:133)
at org.testng.internal.TestInvoker.invokeMethod(TestInvoker.java:598)
at org.testng.internal.TestInvoker.invokeTestMethod(TestInvoker.java:173)
at org.testng.internal.MethodRunner.runInSequence(MethodRunner.java:46)
at org.testng.internal.TestInvoker$MethodInvocationAgent.invoke(TestInvoker.java:824)
at org.testng.internal.TestInvoker.invokeTestMethods(TestInvoker.java:146)
at org.testng.internal.TestMethodWorker.invokeTestMethods(TestMethodWorker.java:146)
at org.testng.internal.TestMethodWorker.run(TestMethodWorker.java:128)
at java.base/java.util.ArrayList.forEach(ArrayList.java:1511)
at org.testng.TestRunner.privateRun(TestRunner.java:794)
at org.testng.TestRunner.run(TestRunner.java:596)
at org.testng.SuiteRunner.runTest(SuiteRunner.java:377)
at org.testng.SuiteRunner.runSequentially(SuiteRunner.java:371)
at org.testng.SuiteRunner.privateRun(SuiteRunner.java:332)
at org.testng.SuiteRunner.run(SuiteRunner.java:276)
at org.testng.SuiteRunnerWorker.runSuite(SuiteRunnerWorker.java:53)
at org.testng.SuiteRunnerWorker.run(SuiteRunnerWorker.java:96)
at org.testng.TestNG.runSuitesSequentially(TestNG.java:1212)
at org.testng.TestNG.runSuitesLocally(TestNG.java:1134)
at org.testng.TestNG.runSuites(TestNG.java:1063)
at org.testng.TestNG.run(TestNG.java:1031)
at org.testng.remote.AbstractRemoteTestNG.run(AbstractRemoteTestNG.java:115)
at org.testng.remote.RemoteTestNG.initAndRun(RemoteTestNG.java:251)
at org.testng.remote.RemoteTestNG.main(RemoteTestNG.java:77)
]]>
    </failure>
  </testcase> <!-- Logintest -->
  <system-out>
    <![CDATA[valid uid test passed
Valid pwd test passed
no such element: Unable to locate element: {"method":"link text","selector":"Sign out"}
  (Session info: chrome=91.0.4472.114)
For documentation on this error, please visit: https://selenium.dev/exceptions/#no_such_element
Build info: version: '4.0.0-beta-3', revision: '5d108f9a67'
System info: host: 'LAPTOP-OL5JOLO1', ip: '192.168.78.1', os.name: 'Windows 10', os.arch: 'amd64', os.version: '10.0', java.version: '15.0.2'
Driver info: org.openqa.selenium.chrome.ChromeDriver
Command: [11df21c0411c1cb3db1ae74f44d59fa4, findElement {using=link text, value=Sign out}]
Capabilities {acceptInsecureCerts: false, browserName: chrome, browserVersion: 91.0.4472.114, chrome: {chromedriverVersion: 91.0.4472.101 (af52a90bf870..., userDataDir: C:\Users\PAVANK~1\AppData\L...}, goog:chromeOptions: {debuggerAddress: localhost:64625}, javascriptEnabled: true, networkConnectionEnabled: false, pageLoadStrategy: normal, platform: WINDOWS, platformName: WINDOWS, proxy: Proxy(), se:cdp: ws://localhost:64625/devtoo..., se:cdpVersion: 91.0.4472.114, setWindowRect: true, strictFileInteractability: false, timeouts: {implicit: 0, pageLoad: 300000, script: 30000}, unhandledPromptBehavior: dismiss and notify, webauthn:extension:largeBlob: true, webauthn:virtualAuthenticators: true}
Session ID: 11df21c0411c1cb3db1ae74f44d59fa4and see :
<a href="F:\batch253\org.tdd.Framework\target\01-Jul-2021-12-53-13.png"><img src="F:\batch253\org.tdd.Framework\target\01-Jul-2021-12-53-13.png" height="100" width="100"/></a>
uid blank test paseed
Invalid uid test passed
valid uid test passed
blank pwd test passed
valid uid test passed
Invalid pwd test failed and see
<a href="F:\batch253\org.tdd.Framework\target\01-Jul-2021-12-54-15.png"><img src="F:\batch253\org.tdd.Framework\target\01-Jul-2021-12-54-15.png" height="100" width="100"/></a>
valid uid test passed
Valid pwd test passed
Unable to locate element: //*[text()='Choose an account']
For documentation on this error, please visit: https://selenium.dev/exceptions/#no_such_element
Build info: version: '4.0.0-beta-3', revision: '5d108f9a67'
System info: host: 'LAPTOP-OL5JOLO1', ip: '192.168.78.1', os.name: 'Windows 10', os.arch: 'amd64', os.version: '10.0', java.version: '15.0.2'
Driver info: org.openqa.selenium.firefox.FirefoxDriver
Command: [453da737-479f-4b93-8d40-88fce1d84620, findElement {using=xpath, value=//*[text()='Choose an account']}]
Capabilities {acceptInsecureCerts: true, browserName: firefox, browserVersion: 86.0.1, javascriptEnabled: true, moz:accessibilityChecks: false, moz:buildID: 20210310152336, moz:debuggerAddress: localhost:59716, moz:geckodriverVersion: 0.29.0, moz:headless: false, moz:processID: 4900, moz:profile: C:\Users\Pavan Kumar\AppDat..., moz:shutdownTimeout: 60000, moz:useNonSpecCompliantPointerOrigin: false, moz:webdriverClick: true, pageLoadStrategy: normal, platform: WINDOWS, platformName: WINDOWS, platformVersion: 10.0, rotatable: false, se:cdp: ws://localhost:59716/devtoo..., se:cdpVersion: 85, setWindowRect: true, strictFileInteractability: false, timeouts: {implicit: 0, pageLoad: 300000, script: 30000}, unhandledPromptBehavior: dismiss and notify}
Session ID: 453da737-479f-4b93-8d40-88fce1d84620and see :
<a href="F:\batch253\org.tdd.Framework\target\01-Jul-2021-12-54-51.png"><img src="F:\batch253\org.tdd.Framework\target\01-Jul-2021-12-54-51.png" height="100" width="100"/></a>
uid blank test paseed
Invalid uid test passed
valid uid test passed
blank pwd test passed
valid uid test passed
Invalid pwd test failed and see
<a href="F:\batch253\org.tdd.Framework\target\01-Jul-2021-12-56-39.png"><img src="F:\batch253\org.tdd.Framework\target\01-Jul-2021-12-56-39.png" height="100" width="100"/></a>
valid uid test passed
Valid pwd test passed
no such element: Unable to locate element: {"method":"xpath","selector":"//*[text()='Choose an account']"}
  (Session info: chrome=88.0.4324.182)
  (Driver info: operadriver=88.0.4324.104 (17905c015d3376dee9cce5dd079a3f4fa906e060-refs/branch-heads/4324_96@{#3}),platform=Windows NT 10.0.19041 x86_64) (WARNING: The server did not provide any stacktrace information)
Command duration or timeout: 0 milliseconds
For documentation on this error, please visit: https://selenium.dev/exceptions/#no_such_element
Build info: version: '4.0.0-beta-3', revision: '5d108f9a67'
System info: host: 'LAPTOP-OL5JOLO1', ip: '192.168.78.1', os.name: 'Windows 10', os.arch: 'amd64', os.version: '10.0', java.version: '15.0.2'
Driver info: org.openqa.selenium.opera.OperaDriver
Command: [b06bc07ea2f33acfc78ab55548ec7669, findElement {using=xpath, value=//*[text()='Choose an account']}]
Capabilities {acceptInsecureCerts: false, acceptSslCerts: false, applicationCacheEnabled: false, browserConnectionEnabled: false, browserName: opera, cssSelectorsEnabled: true, databaseEnabled: false, goog:chromeOptions: {debuggerAddress: localhost:49421}, handlesAlerts: true, hasTouchScreen: false, javascriptEnabled: true, locationContextEnabled: true, mobileEmulationEnabled: false, nativeEvents: true, networkConnectionEnabled: false, opera: {operadriverVersion: 88.0.4324.104 (17905c015d33..., userDataDir: C:\Users\PAVANK~1\AppData\L...}, pageLoadStrategy: normal, platform: WINDOWS, platformName: WINDOWS, proxy: Proxy(), rotatable: false, setWindowRect: true, strictFileInteractability: false, takesHeapSnapshot: true, takesScreenshot: true, timeouts: {implicit: 0, pageLoad: 300000, script: 30000}, unexpectedAlertBehaviour: ignore, unhandledPromptBehavior: ignore, version: 88.0.4324.182, webStorageEnabled: true, webauthn:extension:largeBlob: true, webauthn:virtualAuthenticators: true}
Session ID: b06bc07ea2f33acfc78ab55548ec7669and see :
<a href="F:\batch253\org.tdd.Framework\target\01-Jul-2021-12-57-18.png"><img src="F:\batch253\org.tdd.Framework\target\01-Jul-2021-12-57-18.png" height="100" width="100"/></a>
uid blank test paseed
Invalid uid test passed
valid uid test passed
blank pwd test passed
valid uid test passed
Invalid pwd test failed and see
<a href="F:\batch253\org.tdd.Framework\target\01-Jul-2021-12-58-32.png"><img src="F:\batch253\org.tdd.Framework\target\01-Jul-2021-12-58-32.png" height="100" width="100"/></a>]]>
  </system-out>
</testsuite> <!-- tests.LoginTest1withExcelFile -->
